C:\USERS\STEVEN\DOCUMENTS\GITHUB\EECS-481-MDE\EYETRACKING\RELEASE\UTILITY.OBJ
C:\USERS\STEVEN\DOCUMENTS\GITHUB\EECS-481-MDE\EYETRACKING\RELEASE\GLOBALS.OBJ
C:\USERS\STEVEN\DOCUMENTS\GITHUB\EECS-481-MDE\EYETRACKING\RELEASE\HEAD.OBJ
C:\USERS\STEVEN\DOCUMENTS\GITHUB\EECS-481-MDE\EYETRACKING\RELEASE\GAZEESTIMATOR.OBJ
C:\USERS\STEVEN\DOCUMENTS\GITHUB\EECS-481-MDE\EYETRACKING\RELEASE\EYETRACKER.OBJ
C:\USERS\STEVEN\DOCUMENTS\GITHUB\EECS-481-MDE\EYETRACKING\RELEASE\EYES.OBJ
C:\USERS\STEVEN\DOCUMENTS\GITHUB\EECS-481-MDE\EYETRACKING\RELEASE\CURSOR.OBJ
C:\USERS\STEVEN\DOCUMENTS\GITHUB\EECS-481-MDE\EYETRACKING\RELEASE\VC110.PDB
C:\Users\Steven\Documents\GitHub\EECS-481-MDE\EyeTracking\Release\Cursor.obj
C:\Users\Steven\Documents\GitHub\EECS-481-MDE\EyeTracking\Release\Eyes.obj
C:\Users\Steven\Documents\GitHub\EECS-481-MDE\EyeTracking\Release\EyeTracker.obj
C:\Users\Steven\Documents\GitHub\EECS-481-MDE\EyeTracking\Release\GazeEstimator.obj
C:\Users\Steven\Documents\GitHub\EECS-481-MDE\EyeTracking\Release\globals.obj
C:\Users\Steven\Documents\GitHub\EECS-481-MDE\EyeTracking\Release\Head.obj
C:\Users\Steven\Documents\GitHub\EECS-481-MDE\EyeTracking\Release\Utility.obj
C:\Users\Steven\Documents\GitHub\EECS-481-MDE\EyeTracking\Release\cl.command.1.tlog
C:\Users\Steven\Documents\GitHub\EECS-481-MDE\EyeTracking\Release\CL.read.1.tlog
C:\Users\Steven\Documents\GitHub\EECS-481-MDE\EyeTracking\Release\CL.write.1.tlog
C:\Users\Steven\Documents\GitHub\EECS-481-MDE\EyeTracking\Release\link.command.1.tlog
C:\Users\Steven\Documents\GitHub\EECS-481-MDE\EyeTracking\Release\link.read.1.tlog
C:\Users\Steven\Documents\GitHub\EECS-481-MDE\EyeTracking\Release\link.write.1.tlog
C:\Users\Steven\Documents\GitHub\EECS-481-MDE\EyeTracking\Release\vc110.pdb
