C:\USERS\STEVEN\DOCUMENTS\GITHUB\EECS-481-MDE\EYETRACKING\OPENCVPLEASEWORK\DEBUG\CURSOR.OBJ
C:\USERS\STEVEN\DOCUMENTS\GITHUB\EECS-481-MDE\EYETRACKING\OPENCVPLEASEWORK\DEBUG\EYES.OBJ
C:\USERS\STEVEN\DOCUMENTS\GITHUB\EECS-481-MDE\EYETRACKING\OPENCVPLEASEWORK\DEBUG\EYETRACKER.OBJ
C:\USERS\STEVEN\DOCUMENTS\GITHUB\EECS-481-MDE\EYETRACKING\OPENCVPLEASEWORK\DEBUG\HEAD.OBJ
C:\USERS\STEVEN\DOCUMENTS\GITHUB\EECS-481-MDE\EYETRACKING\OPENCVPLEASEWORK\DEBUG\GLOBALS.OBJ
C:\USERS\STEVEN\DOCUMENTS\GITHUB\EECS-481-MDE\EYETRACKING\OPENCVPLEASEWORK\DEBUG\UTILITY.OBJ
C:\USERS\STEVEN\DOCUMENTS\GITHUB\EECS-481-MDE\EYETRACKING\OPENCVPLEASEWORK\DEBUG\VC110.PDB
C:\USERS\STEVEN\DOCUMENTS\GITHUB\EECS-481-MDE\EYETRACKING\OPENCVPLEASEWORK\DEBUG\GAZEESTIMATOR.OBJ
C:\USERS\STEVEN\DOCUMENTS\GITHUB\EECS-481-MDE\EYETRACKING\OPENCVPLEASEWORK\DEBUG\EYETRACKER.ILK
C:\USERS\STEVEN\DOCUMENTS\GITHUB\EECS-481-MDE\EYETRACKING\OPENCVPLEASEWORK\DEBUG\EYETRACKER.EXE
C:\USERS\STEVEN\DOCUMENTS\GITHUB\EECS-481-MDE\EYETRACKING\OPENCVPLEASEWORK\DEBUG\EYETRACKER.PDB
C:\Users\Steven\Documents\GitHub\EECS-481-MDE\EyeTracking\openCVpleaseWork\Debug\Cursor.obj
C:\Users\Steven\Documents\GitHub\EECS-481-MDE\EyeTracking\openCVpleaseWork\Debug\Eyes.obj
C:\Users\Steven\Documents\GitHub\EECS-481-MDE\EyeTracking\openCVpleaseWork\Debug\EyeTracker.obj
C:\Users\Steven\Documents\GitHub\EECS-481-MDE\EyeTracking\openCVpleaseWork\Debug\GazeEstimator.obj
C:\Users\Steven\Documents\GitHub\EECS-481-MDE\EyeTracking\openCVpleaseWork\Debug\globals.obj
C:\Users\Steven\Documents\GitHub\EECS-481-MDE\EyeTracking\openCVpleaseWork\Debug\Head.obj
C:\Users\Steven\Documents\GitHub\EECS-481-MDE\EyeTracking\openCVpleaseWork\Debug\Utility.obj
C:\Users\Steven\Documents\GitHub\EECS-481-MDE\EyeTracking\openCVpleaseWork\Debug\EyeTracker.ilk
C:\Users\Steven\Documents\GitHub\EECS-481-MDE\EyeTracking\openCVpleaseWork\Debug\cl.command.1.tlog
C:\Users\Steven\Documents\GitHub\EECS-481-MDE\EyeTracking\openCVpleaseWork\Debug\CL.read.1.tlog
C:\Users\Steven\Documents\GitHub\EECS-481-MDE\EyeTracking\openCVpleaseWork\Debug\CL.write.1.tlog
C:\Users\Steven\Documents\GitHub\EECS-481-MDE\EyeTracking\openCVpleaseWork\Debug\link-cvtres.read.1.tlog
C:\Users\Steven\Documents\GitHub\EECS-481-MDE\EyeTracking\openCVpleaseWork\Debug\link-cvtres.write.1.tlog
C:\Users\Steven\Documents\GitHub\EECS-481-MDE\EyeTracking\openCVpleaseWork\Debug\link-rc.read.1.tlog
C:\Users\Steven\Documents\GitHub\EECS-481-MDE\EyeTracking\openCVpleaseWork\Debug\link-rc.write.1.tlog
C:\Users\Steven\Documents\GitHub\EECS-481-MDE\EyeTracking\openCVpleaseWork\Debug\link.6792-cvtres.read.1.tlog
C:\Users\Steven\Documents\GitHub\EECS-481-MDE\EyeTracking\openCVpleaseWork\Debug\link.6792-cvtres.write.1.tlog
C:\Users\Steven\Documents\GitHub\EECS-481-MDE\EyeTracking\openCVpleaseWork\Debug\link.6792-rc.read.1.tlog
C:\Users\Steven\Documents\GitHub\EECS-481-MDE\EyeTracking\openCVpleaseWork\Debug\link.6792-rc.write.1.tlog
C:\Users\Steven\Documents\GitHub\EECS-481-MDE\EyeTracking\openCVpleaseWork\Debug\link.6792.read.1.tlog
C:\Users\Steven\Documents\GitHub\EECS-481-MDE\EyeTracking\openCVpleaseWork\Debug\link.6792.write.1.tlog
C:\Users\Steven\Documents\GitHub\EECS-481-MDE\EyeTracking\openCVpleaseWork\Debug\link.command.1.tlog
C:\Users\Steven\Documents\GitHub\EECS-481-MDE\EyeTracking\openCVpleaseWork\Debug\link.read.1.tlog
C:\Users\Steven\Documents\GitHub\EECS-481-MDE\EyeTracking\openCVpleaseWork\Debug\link.write.1.tlog
C:\Users\Steven\Documents\GitHub\EECS-481-MDE\EyeTracking\openCVpleaseWork\Debug\vc110.idb
C:\Users\Steven\Documents\GitHub\EECS-481-MDE\EyeTracking\openCVpleaseWork\Debug\EyeTracker.pdb
C:\Users\Steven\Documents\GitHub\EECS-481-MDE\EyeTracking\openCVpleaseWork\Debug\vc110.pdb
C:\Users\Steven\Documents\GitHub\EECS-481-MDE\EyeTracking\openCVpleaseWork\Debug\EyeTracker.exe
