C:\USERS\DK\DOCUMENTS\VISUAL STUDIO 2012\PROJECTS\OPENCVPLEASEWORK\OPENCVPLEASEWORK\DEBUG\WORKPLEASE.OBJ
C:\USERS\DK\DOCUMENTS\VISUAL STUDIO 2012\PROJECTS\OPENCVPLEASEWORK\OPENCVPLEASEWORK\DEBUG\VC110.PDB
C:\USERS\DK\DOCUMENTS\VISUAL STUDIO 2012\PROJECTS\OPENCVPLEASEWORK\OPENCVPLEASEWORK\DEBUG\OPENCVPLEASEWORK.OBJ
C:\Users\Dk\Documents\Visual Studio 2012\Projects\openCVpleaseWork\openCVpleaseWork\Debug\openCVpleaseWork.obj
C:\Users\Dk\Documents\Visual Studio 2012\Projects\openCVpleaseWork\openCVpleaseWork\Debug\workplease.obj
C:\Users\Dk\Documents\Visual Studio 2012\Projects\openCVpleaseWork\openCVpleaseWork\Debug\cl.command.1.tlog
C:\Users\Dk\Documents\Visual Studio 2012\Projects\openCVpleaseWork\openCVpleaseWork\Debug\CL.read.1.tlog
C:\Users\Dk\Documents\Visual Studio 2012\Projects\openCVpleaseWork\openCVpleaseWork\Debug\CL.write.1.tlog
C:\Users\Dk\Documents\Visual Studio 2012\Projects\openCVpleaseWork\openCVpleaseWork\Debug\link-cvtres.read.1.tlog
C:\Users\Dk\Documents\Visual Studio 2012\Projects\openCVpleaseWork\openCVpleaseWork\Debug\link-cvtres.write.1.tlog
C:\Users\Dk\Documents\Visual Studio 2012\Projects\openCVpleaseWork\openCVpleaseWork\Debug\link-rc.read.1.tlog
C:\Users\Dk\Documents\Visual Studio 2012\Projects\openCVpleaseWork\openCVpleaseWork\Debug\link-rc.write.1.tlog
C:\Users\Dk\Documents\Visual Studio 2012\Projects\openCVpleaseWork\openCVpleaseWork\Debug\link.10460-cvtres.read.1.tlog
C:\Users\Dk\Documents\Visual Studio 2012\Projects\openCVpleaseWork\openCVpleaseWork\Debug\link.10460-cvtres.write.1.tlog
C:\Users\Dk\Documents\Visual Studio 2012\Projects\openCVpleaseWork\openCVpleaseWork\Debug\link.10460-rc.read.1.tlog
C:\Users\Dk\Documents\Visual Studio 2012\Projects\openCVpleaseWork\openCVpleaseWork\Debug\link.10460-rc.write.1.tlog
C:\Users\Dk\Documents\Visual Studio 2012\Projects\openCVpleaseWork\openCVpleaseWork\Debug\link.10460.read.1.tlog
C:\Users\Dk\Documents\Visual Studio 2012\Projects\openCVpleaseWork\openCVpleaseWork\Debug\link.10460.write.1.tlog
C:\Users\Dk\Documents\Visual Studio 2012\Projects\openCVpleaseWork\openCVpleaseWork\Debug\link.command.1.tlog
C:\Users\Dk\Documents\Visual Studio 2012\Projects\openCVpleaseWork\openCVpleaseWork\Debug\link.read.1.tlog
C:\Users\Dk\Documents\Visual Studio 2012\Projects\openCVpleaseWork\openCVpleaseWork\Debug\link.write.1.tlog
C:\Users\Dk\Documents\Visual Studio 2012\Projects\openCVpleaseWork\openCVpleaseWork\Debug\vc110.idb
C:\Users\Dk\Documents\Visual Studio 2012\Projects\openCVpleaseWork\openCVpleaseWork\Debug\vc110.pdb
C:\Users\Dk\Documents\Visual Studio 2012\Projects\openCVpleaseWork\Debug\openCVpleaseWork.pdb
