C:\USERS\DK\DOCUMENTS\VISUAL STUDIO 2012\PROJECTS\OPENCVPLEASEWORK\OPENCVPLEASEWORK\RELEASE\WORKPLEASE.OBJ
C:\USERS\DK\DOCUMENTS\VISUAL STUDIO 2012\PROJECTS\OPENCVPLEASEWORK\OPENCVPLEASEWORK\RELEASE\VC110.PDB
C:\USERS\STEVEN\DOCUMENTS\GITHUB\EECS-481-MDE\EYETRACKING\OPENCVPLEASEWORK\RELEASE\UTILITY.OBJ
C:\USERS\STEVEN\DOCUMENTS\GITHUB\EECS-481-MDE\EYETRACKING\OPENCVPLEASEWORK\RELEASE\GLOBALS.OBJ
C:\USERS\STEVEN\DOCUMENTS\GITHUB\EECS-481-MDE\EYETRACKING\OPENCVPLEASEWORK\RELEASE\HEAD.OBJ
C:\USERS\STEVEN\DOCUMENTS\GITHUB\EECS-481-MDE\EYETRACKING\OPENCVPLEASEWORK\RELEASE\GAZEESTIMATOR.OBJ
C:\USERS\STEVEN\DOCUMENTS\GITHUB\EECS-481-MDE\EYETRACKING\OPENCVPLEASEWORK\RELEASE\EYETRACKER.OBJ
C:\USERS\STEVEN\DOCUMENTS\GITHUB\EECS-481-MDE\EYETRACKING\OPENCVPLEASEWORK\RELEASE\EYES.OBJ
C:\USERS\STEVEN\DOCUMENTS\GITHUB\EECS-481-MDE\EYETRACKING\OPENCVPLEASEWORK\RELEASE\CURSOR.OBJ
C:\USERS\STEVEN\DOCUMENTS\GITHUB\EECS-481-MDE\EYETRACKING\OPENCVPLEASEWORK\RELEASE\VC110.PDB
C:\USERS\STEVEN\DOCUMENTS\GITHUB\EECS-481-MDE\EYETRACKING\OPENCVPLEASEWORK\RELEASE\EYETRACKER.EXE
C:\USERS\STEVEN\DOCUMENTS\GITHUB\EECS-481-MDE\EYETRACKING\OPENCVPLEASEWORK\RELEASE\EYETRACKER.PDB
C:\Users\Steven\Documents\GitHub\EECS-481-MDE\EyeTracking\openCVpleaseWork\Release\Cursor.obj
C:\Users\Steven\Documents\GitHub\EECS-481-MDE\EyeTracking\openCVpleaseWork\Release\Eyes.obj
C:\Users\Steven\Documents\GitHub\EECS-481-MDE\EyeTracking\openCVpleaseWork\Release\EyeTracker.obj
C:\Users\Steven\Documents\GitHub\EECS-481-MDE\EyeTracking\openCVpleaseWork\Release\GazeEstimator.obj
C:\Users\Steven\Documents\GitHub\EECS-481-MDE\EyeTracking\openCVpleaseWork\Release\globals.obj
C:\Users\Steven\Documents\GitHub\EECS-481-MDE\EyeTracking\openCVpleaseWork\Release\Head.obj
C:\Users\Steven\Documents\GitHub\EECS-481-MDE\EyeTracking\openCVpleaseWork\Release\Utility.obj
C:\Users\Steven\Documents\GitHub\EECS-481-MDE\EyeTracking\openCVpleaseWork\Release\workplease.obj
C:\Users\Steven\Documents\GitHub\EECS-481-MDE\EyeTracking\openCVpleaseWork\Release\cl.command.1.tlog
C:\Users\Steven\Documents\GitHub\EECS-481-MDE\EyeTracking\openCVpleaseWork\Release\CL.read.1.tlog
C:\Users\Steven\Documents\GitHub\EECS-481-MDE\EyeTracking\openCVpleaseWork\Release\CL.write.1.tlog
C:\Users\Steven\Documents\GitHub\EECS-481-MDE\EyeTracking\openCVpleaseWork\Release\link-cvtres.read.1.tlog
C:\Users\Steven\Documents\GitHub\EECS-481-MDE\EyeTracking\openCVpleaseWork\Release\link-cvtres.write.1.tlog
C:\Users\Steven\Documents\GitHub\EECS-481-MDE\EyeTracking\openCVpleaseWork\Release\link-rc.read.1.tlog
C:\Users\Steven\Documents\GitHub\EECS-481-MDE\EyeTracking\openCVpleaseWork\Release\link-rc.write.1.tlog
C:\Users\Steven\Documents\GitHub\EECS-481-MDE\EyeTracking\openCVpleaseWork\Release\link.command.1.tlog
C:\Users\Steven\Documents\GitHub\EECS-481-MDE\EyeTracking\openCVpleaseWork\Release\link.read.1.tlog
C:\Users\Steven\Documents\GitHub\EECS-481-MDE\EyeTracking\openCVpleaseWork\Release\link.write.1.tlog
C:\Users\Steven\Documents\GitHub\EECS-481-MDE\EyeTracking\openCVpleaseWork\Release\EyeTracker.pdb
C:\Users\Steven\Documents\GitHub\EECS-481-MDE\EyeTracking\openCVpleaseWork\Release\vc110.pdb
C:\Users\Steven\Documents\GitHub\EECS-481-MDE\EyeTracking\openCVpleaseWork\Release\haarcascade_frontalface_alt.xml
C:\Users\Steven\Documents\GitHub\EECS-481-MDE\EyeTracking\openCVpleaseWork\Release\EyeTracker.exe
