Build started 11/17/2013 7:13:23 PM.
     1>Project "C:\Users\Steven\Documents\GitHub\EECS-481-MDE\EyeTracking\EyeTracker\EyeTracker\EyeTracker.vcxproj" on node 2 (Build target(s)).
     1>InitializeBuildStatus:
         Touching "Debug\EyeTracker.unsuccessfulbuild".
       ClCompile:
         C:\Program Files (x86)\Microsoft Visual Studio 11.0\VC\bin\CL.exe /c /IC:\opencv\install\include\opencv /IC:\opencv\install\include /ZI /nologo /W3 /WX- /Od /Oy- /D _MBCS /Gm /EHsc /RTC1 /MDd /GS /fp:precise /Zc:wchar_t /Zc:forScope /Fo"Debug\\" /Fd"Debug\vc110.pdb" /Gd /TP /analyze- /errorReport:prompt Cursor.cpp Eyes.cpp EyeTracker.cpp GazeEstimator.cpp Head.cpp Utility.cpp
         Utility.cpp
     1>c:\users\steven\documents\github\eecs-481-mde\eyetracking\eyetracker\eyetracker\constants.h(15): warning C4305: 'initializing' : truncation from 'double' to 'const float'
     1>c:\users\steven\documents\github\eecs-481-mde\eyetracking\eyetracker\eyetracker\constants.h(26): warning C4305: 'initializing' : truncation from 'double' to 'const float'
         Head.cpp
     1>c:\users\steven\documents\github\eecs-481-mde\eyetracking\eyetracker\eyetracker\constants.h(15): warning C4305: 'initializing' : truncation from 'double' to 'const float'
     1>c:\users\steven\documents\github\eecs-481-mde\eyetracking\eyetracker\eyetracker\constants.h(26): warning C4305: 'initializing' : truncation from 'double' to 'const float'
     1>c:\users\steven\documents\github\eecs-481-mde\eyetracking\eyetracker\eyetracker\head.cpp(21): warning C4018: '<' : signed/unsigned mismatch
         GazeEstimator.cpp
     1>c:\users\steven\documents\github\eecs-481-mde\eyetracking\eyetracker\eyetracker\constants.h(15): warning C4305: 'initializing' : truncation from 'double' to 'const float'
     1>c:\users\steven\documents\github\eecs-481-mde\eyetracking\eyetracker\eyetracker\constants.h(26): warning C4305: 'initializing' : truncation from 'double' to 'const float'
         EyeTracker.cpp
     1>c:\users\steven\documents\github\eecs-481-mde\eyetracking\eyetracker\eyetracker\constants.h(15): warning C4305: 'initializing' : truncation from 'double' to 'const float'
     1>c:\users\steven\documents\github\eecs-481-mde\eyetracking\eyetracker\eyetracker\constants.h(26): warning C4305: 'initializing' : truncation from 'double' to 'const float'
     1>c:\users\steven\documents\github\eecs-481-mde\eyetracking\eyetracker\eyetracker\eyetracker.cpp(22): warning C4244: 'argument' : conversion from 'double' to 'int', possible loss of data
         Eyes.cpp
     1>c:\users\steven\documents\github\eecs-481-mde\eyetracking\eyetracker\eyetracker\constants.h(15): warning C4305: 'initializing' : truncation from 'double' to 'const float'
     1>c:\users\steven\documents\github\eecs-481-mde\eyetracking\eyetracker\eyetracker\constants.h(26): warning C4305: 'initializing' : truncation from 'double' to 'const float'
     1>c:\users\steven\documents\github\eecs-481-mde\eyetracking\eyetracker\eyetracker\eyes.cpp(23): warning C4244: '=' : conversion from 'double' to 'int', possible loss of data
     1>c:\users\steven\documents\github\eecs-481-mde\eyetracking\eyetracker\eyetracker\eyes.cpp(24): warning C4244: '=' : conversion from 'double' to 'int', possible loss of data
     1>c:\users\steven\documents\github\eecs-481-mde\eyetracking\eyetracker\eyetracker\eyes.cpp(25): warning C4244: '=' : conversion from 'double' to 'int', possible loss of data
     1>c:\users\steven\documents\github\eecs-481-mde\eyetracking\eyetracker\eyetracker\eyes.cpp(28): warning C4244: 'argument' : conversion from 'double' to 'int', possible loss of data
     1>c:\users\steven\documents\github\eecs-481-mde\eyetracking\eyetracker\eyetracker\eyes.cpp(30): warning C4244: 'argument' : conversion from 'double' to 'int', possible loss of data
     1>c:\users\steven\documents\github\eecs-481-mde\eyetracking\eyetracker\eyetracker\eyes.cpp(177): warning C4244: 'argument' : conversion from 'float' to 'int', possible loss of data
         Cursor.cpp
         Generating Code...
       Link:
         C:\Program Files (x86)\Microsoft Visual Studio 11.0\VC\bin\link.exe /ERRORREPORT:PROMPT /OUT:"C:\Users\Steven\Documents\GitHub\EECS-481-MDE\EyeTracking\EyeTracker\Debug\EyeTracker.exe" /INCREMENTAL /NOLOGO opencv_calib3d246d.lib opencv_contrib246d.lib opencv_core246d.lib opencv_features2d246d.lib opencv_flann246d.lib opencv_gpu246d.lib opencv_highgui246d.lib opencv_imgproc246d.lib opencv_legacy246d.lib opencv_ml246d.lib opencv_nonfree246d.lib opencv_objdetect246d.lib opencv_photo246d.lib opencv_stitching246d.lib opencv_ts246d.lib opencv_videostab246d.lib opencv_video246d.lib kernel32.lib user32.lib gdi32.lib winspool.lib comdlg32.lib advapi32.lib shell32.lib ole32.lib oleaut32.lib uuid.lib odbc32.lib odbccp32.lib /MANIFEST /MANIFESTUAC:"level='asInvoker' uiAccess='false'" /manifest:embed /DEBUG /PDB:"C:\Users\Steven\Documents\GitHub\EECS-481-MDE\EyeTracking\EyeTracker\Debug\EyeTracker.pdb" /TLBID:1 /DYNAMICBASE /NXCOMPAT /IMPLIB:"C:\Users\Steven\Documents\GitHub\EECS-481-MDE\EyeTracking\EyeTracker\Debug\EyeTracker.lib" /MACHINE:X86 Debug\Cursor.obj
         Debug\Eyes.obj
         Debug\EyeTracker.obj
         Debug\GazeEstimator.obj
         Debug\Head.obj
         Debug\Utility.obj
     1>LINK : fatal error LNK1104: cannot open file 'opencv_calib3d246d.lib'
     1>Done Building Project "C:\Users\Steven\Documents\GitHub\EECS-481-MDE\EyeTracking\EyeTracker\EyeTracker\EyeTracker.vcxproj" (Build target(s)) -- FAILED.

Build FAILED.

Time Elapsed 00:00:14.72
