C:\USERS\STEVEN\DOCUMENTS\VISUAL STUDIO 2012\PROJECTS\EYETRACKER\EYETRACKER\DEBUG\CURSOR.OBJ
C:\USERS\STEVEN\DOCUMENTS\VISUAL STUDIO 2012\PROJECTS\EYETRACKER\EYETRACKER\DEBUG\EYES.OBJ
C:\USERS\STEVEN\DOCUMENTS\VISUAL STUDIO 2012\PROJECTS\EYETRACKER\EYETRACKER\DEBUG\EYETRACKER.OBJ
C:\USERS\STEVEN\DOCUMENTS\VISUAL STUDIO 2012\PROJECTS\EYETRACKER\EYETRACKER\DEBUG\GAZEESTIMATOR.OBJ
C:\USERS\STEVEN\DOCUMENTS\VISUAL STUDIO 2012\PROJECTS\EYETRACKER\EYETRACKER\DEBUG\HEAD.OBJ
C:\USERS\STEVEN\DOCUMENTS\VISUAL STUDIO 2012\PROJECTS\EYETRACKER\EYETRACKER\DEBUG\UTILITY.OBJ
C:\USERS\STEVEN\DOCUMENTS\VISUAL STUDIO 2012\PROJECTS\EYETRACKER\EYETRACKER\DEBUG\VC110.PDB
C:\Users\Steven\Documents\Visual Studio 2012\Projects\EyeTracker\EyeTracker\Debug\Cursor.obj
C:\Users\Steven\Documents\Visual Studio 2012\Projects\EyeTracker\EyeTracker\Debug\Eyes.obj
C:\Users\Steven\Documents\Visual Studio 2012\Projects\EyeTracker\EyeTracker\Debug\EyeTracker.obj
C:\Users\Steven\Documents\Visual Studio 2012\Projects\EyeTracker\EyeTracker\Debug\GazeEstimator.obj
C:\Users\Steven\Documents\Visual Studio 2012\Projects\EyeTracker\EyeTracker\Debug\Head.obj
C:\Users\Steven\Documents\Visual Studio 2012\Projects\EyeTracker\EyeTracker\Debug\Utility.obj
C:\Users\Steven\Documents\Visual Studio 2012\Projects\EyeTracker\EyeTracker\Debug\cl.command.1.tlog
C:\Users\Steven\Documents\Visual Studio 2012\Projects\EyeTracker\EyeTracker\Debug\CL.read.1.tlog
C:\Users\Steven\Documents\Visual Studio 2012\Projects\EyeTracker\EyeTracker\Debug\CL.write.1.tlog
C:\Users\Steven\Documents\Visual Studio 2012\Projects\EyeTracker\EyeTracker\Debug\link-cvtres.read.1.tlog
C:\Users\Steven\Documents\Visual Studio 2012\Projects\EyeTracker\EyeTracker\Debug\link-cvtres.write.1.tlog
C:\Users\Steven\Documents\Visual Studio 2012\Projects\EyeTracker\EyeTracker\Debug\link-rc.read.1.tlog
C:\Users\Steven\Documents\Visual Studio 2012\Projects\EyeTracker\EyeTracker\Debug\link-rc.write.1.tlog
C:\Users\Steven\Documents\Visual Studio 2012\Projects\EyeTracker\EyeTracker\Debug\link.command.1.tlog
C:\Users\Steven\Documents\Visual Studio 2012\Projects\EyeTracker\EyeTracker\Debug\link.read.1.tlog
C:\Users\Steven\Documents\Visual Studio 2012\Projects\EyeTracker\EyeTracker\Debug\link.write.1.tlog
C:\Users\Steven\Documents\Visual Studio 2012\Projects\EyeTracker\EyeTracker\Debug\vc110.idb
C:\Users\Steven\Documents\Visual Studio 2012\Projects\EyeTracker\EyeTracker\Debug\vc110.pdb
C:\Users\Steven\Documents\Visual Studio 2012\Projects\EyeTracker\Debug\EyeTracker.pdb
