C:\USERS\STEVEN\DOCUMENTS\GITHUB\EECS-481-MDE\EYETRACKING\DEBUG\CURSOR.OBJ
C:\USERS\STEVEN\DOCUMENTS\GITHUB\EECS-481-MDE\EYETRACKING\DEBUG\EYES.OBJ
C:\USERS\STEVEN\DOCUMENTS\GITHUB\EECS-481-MDE\EYETRACKING\DEBUG\EYETRACKER.OBJ
C:\USERS\STEVEN\DOCUMENTS\GITHUB\EECS-481-MDE\EYETRACKING\DEBUG\GAZEESTIMATOR.OBJ
C:\USERS\STEVEN\DOCUMENTS\GITHUB\EECS-481-MDE\EYETRACKING\DEBUG\HEAD.OBJ
C:\USERS\STEVEN\DOCUMENTS\GITHUB\EECS-481-MDE\EYETRACKING\DEBUG\GLOBALS.OBJ
C:\USERS\STEVEN\DOCUMENTS\GITHUB\EECS-481-MDE\EYETRACKING\DEBUG\EYEUTILITY.OBJ
C:\USERS\STEVEN\DOCUMENTS\GITHUB\EECS-481-MDE\EYETRACKING\DEBUG\VC110.PDB
C:\USERS\STEVEN\DOCUMENTS\GITHUB\EECS-481-MDE\EYETRACKING\DEBUG\EYETRACKER.ILK
C:\USERS\STEVEN\DOCUMENTS\GITHUB\EECS-481-MDE\EYETRACKING\DEBUG\EYETRACKER.EXE
C:\USERS\STEVEN\DOCUMENTS\GITHUB\EECS-481-MDE\EYETRACKING\DEBUG\EYETRACKER.PDB
C:\Users\Steven\Documents\GitHub\EECS-481-MDE\EyeTracking\Debug\Cursor.obj
C:\Users\Steven\Documents\GitHub\EECS-481-MDE\EyeTracking\Debug\Eyes.obj
C:\Users\Steven\Documents\GitHub\EECS-481-MDE\EyeTracking\Debug\EyeTracker.obj
C:\Users\Steven\Documents\GitHub\EECS-481-MDE\EyeTracking\Debug\EyeUtility.obj
C:\Users\Steven\Documents\GitHub\EECS-481-MDE\EyeTracking\Debug\GazeEstimator.obj
C:\Users\Steven\Documents\GitHub\EECS-481-MDE\EyeTracking\Debug\globals.obj
C:\Users\Steven\Documents\GitHub\EECS-481-MDE\EyeTracking\Debug\Head.obj
C:\Users\Steven\Documents\GitHub\EECS-481-MDE\EyeTracking\Debug\EyeTracker.ilk
C:\Users\Steven\Documents\GitHub\EECS-481-MDE\EyeTracking\Debug\cl.command.1.tlog
C:\Users\Steven\Documents\GitHub\EECS-481-MDE\EyeTracking\Debug\CL.read.1.tlog
C:\Users\Steven\Documents\GitHub\EECS-481-MDE\EyeTracking\Debug\CL.write.1.tlog
C:\Users\Steven\Documents\GitHub\EECS-481-MDE\EyeTracking\Debug\link-cvtres.read.1.tlog
C:\Users\Steven\Documents\GitHub\EECS-481-MDE\EyeTracking\Debug\link-cvtres.write.1.tlog
C:\Users\Steven\Documents\GitHub\EECS-481-MDE\EyeTracking\Debug\link-rc.read.1.tlog
C:\Users\Steven\Documents\GitHub\EECS-481-MDE\EyeTracking\Debug\link-rc.write.1.tlog
C:\Users\Steven\Documents\GitHub\EECS-481-MDE\EyeTracking\Debug\link.command.1.tlog
C:\Users\Steven\Documents\GitHub\EECS-481-MDE\EyeTracking\Debug\link.read.1.tlog
C:\Users\Steven\Documents\GitHub\EECS-481-MDE\EyeTracking\Debug\link.write.1.tlog
C:\Users\Steven\Documents\GitHub\EECS-481-MDE\EyeTracking\Debug\vc110.idb
C:\Users\Steven\Documents\GitHub\EECS-481-MDE\EyeTracking\Debug\EyeTracker.pdb
C:\Users\Steven\Documents\GitHub\EECS-481-MDE\EyeTracking\Debug\vc110.pdb
C:\Users\Steven\Documents\GitHub\EECS-481-MDE\EyeTracking\Debug\EyeTracker.exe
